lerna(verbose) GitUtilities.isInitialized    ()
lerna(verbose) GitUtilities.isInitialized    () => true
lerna(verbose) GitUtilities.getTopLevelDirectory()
lerna(verbose) GitUtilities.getTopLevelDirectory() => "."
lerna(verbose) FileSystemUtilities.existsSync("./lerna.json")
lerna(verbose) FileSystemUtilities.existsSync("./lerna.json") => true
lerna(verbose) FileSystemUtilities.readFileSync("./lerna.json")
lerna(verbose) FileSystemUtilities.readFileSync("./lerna.json") => "{\n  \"lerna\": \"2.0.0-beta.38\",\n  \"packages\": [\n    \"packages/*\"\n  ],\n  \"version\": \"0.0.0\"\n}"
lerna(verbose) FileSystemUtilities.existsSync("./package.json")
lerna(verbose) FileSystemUtilities.existsSync("./package.json") => true
lerna(verbose) FileSystemUtilities.readFileSync("./package.json")
lerna(verbose) FileSystemUtilities.readFileSync("./package.json") => "{\n  \"name\": \"pingy-core\",\n  \"version\": \"1.0.0\",\n  \"description\": \"Handles serving and exporting Pingy sites\",\n  \"main\": \"index.js\",\n  \"scripts\": {\n    \"test\": \"echo \\\"Error: no test specified\\\" && exit 1\"\n  },\n  \"author\": \"Dave Jeffery <dave@davejeffery.com>\",\n  \"license\": \"UNLICENSED\",\n  \"devDependencies\": {\n    \"lerna\": \"2.0.0-beta.38\"\n  }\n}"
lerna(info)    Lerna v2.0.0-beta.38
lerna(verbose) FileSystemUtilities.existsSync("./package.json")
lerna(verbose) FileSystemUtilities.existsSync("./package.json") => true
lerna(verbose) FileSystemUtilities.existsSync("./lerna.json")
lerna(verbose) FileSystemUtilities.existsSync("./lerna.json") => true
lerna(verbose) FileSystemUtilities.existsSync("./VERSION")
lerna(verbose) FileSystemUtilities.existsSync("./VERSION") => false
lerna(verbose) Attempting running ImportCommand.initialize
lerna(error)   Errored while running ImportCommand.initialize
    Error: Command failed: git log --format="%h" -1
    fatal: your current branch 'master' does not have any commits yet
    
        at checkExecSyncError (child_process.js:490:13)
        at Object.execSync (child_process.js:530:13)
        at execSync (/Users/dave/n/lib/node_modules/lerna/lib/ChildProcessUtilities.js:67:38)
        at ImportCommand.initialize (/Users/dave/n/lib/node_modules/lerna/lib/commands/ImportCommand.js:105:64)
        at ImportCommand._attempt (/Users/dave/n/lib/node_modules/lerna/lib/Command.js:215:21)
        at ImportCommand.runCommand (/Users/dave/n/lib/node_modules/lerna/lib/Command.js:199:12)
        at ImportCommand.run (/Users/dave/n/lib/node_modules/lerna/lib/Command.js:110:12)
        at Object.<anonymous> (/Users/dave/n/lib/node_modules/lerna/bin/lerna.js:72:11)
        at Module._compile (module.js:571:32)
        at Object.Module._extensions..js (module.js:580:10)
